[19:50:38] [INFO] 🚀 TETRIS PROJECT KICKOFF — ID: 7634e7dd
[19:50:38] [INFO] ============================================================
[19:50:38] [INFO] 
📋 M1: Game Design Spec + WBS
[19:50:38] [INFO] ▶ [M1-spec] research → docs/spec.md
[19:50:38] [INFO]   Attempt 1/3...
[19:52:55] [INFO]     [research] via DGX-Spark 122b (137593ms)
[19:53:45] [INFO]     [security] via DGX-Spark 122b (49834ms)
[19:53:45] [INFO]   QA: FAIL (49834ms)
[19:53:45] [WARN]   ⚠️ FAIL — Rework... Issues: VERDICT: FAIL

ISSUES:
1.  **WBS Unvollständig:** Die Work Breakdown Structure bricht bei "4. UI & Steuerung" (in der Aufgabenstellung als "4. UI & Steuerun" abgeschnitten) ab. Es werden nur Aufgaben 
[19:53:45] [INFO]   Attempt 2/3...
[19:55:48] [INFO]     [research] via DGX-Spark 122b (122613ms)
[19:56:17] [INFO]     [security] via DGX-Spark 122b (29085ms)
[19:56:17] [INFO]   QA: FAIL (29085ms)
[19:56:17] [WARN]   ⚠️ FAIL — Rework... Issues: VERDICT: FAIL

ISSUES:
1.  **Abbruch der WBS (Major Blocker):** Die Work Breakdown Structure ist unvollständig. Sie bricht mitten im Satz bei "5. 3.5 Steuerung (Desktop):" ab. Es fehlen alle weiteren 
[19:56:17] [INFO]   Attempt 3/3...
 Rework... Issues: VERDICT: FAIL

ISSUES:
1.  **Abbruch der WBS (Major Blocker):** Die Work Breakdown Structure ist unvollständig. Sie bricht mitten im Satz bei "5. 3.5 Steuerung (Desktop):" ab. Es fehlen alle weiteren 
[19:56:17] [INFO]   Attempt 3/3...
