[19:28:27] [INFO] 🚀 TETRIS PROJECT KICKOFF — ID: 7e6f7e3d
[19:28:27] [INFO] ============================================================
[19:28:27] [INFO] 
📋 M1: Game Design Spec + WBS
[19:28:27] [INFO] ▶ [M1-spec] research → docs/spec.md
[19:28:27] [INFO]   Attempt 1/3...
[19:30:35] [INFO]   QA: FAIL (10318ms)
[19:30:35] [WARN]   ⚠️ FAIL — Rework... Issues: VERDI
CT: FAIL  
ISSUES:  
- Der Work Breakdown Structure (WBS) enthält nur 9 Aufgaben (D1–D9), während die Akzeptanzkriterien mindestens 15 Aufgaben erfordern.  
- Obwohl die Scoring‑Formel, die Leve
[19:30:35] [INFO]   Attempt 2/3...
[19:33:24] [INFO]   QA: FAIL (29885ms)
[19:33:24] [WARN]   ⚠️ FAIL — Rework... Issues: VERDI
CT: FAIL
ISSUES: Der Work Breakdown Structure (WBS) enthält nur 9 Tasks (D1–D9), während die Akzeptanzkriterien mindestens 15 Tasks erfordern.
SUGGESTIONS: Erweitere die WBS auf mindestens 15 ko
[19:33:24] [INFO]   Attempt 3/3...
[19:35:06] [INFO]   QA: FAIL (36031ms)
[19:35:06] [WARN]   ⚠️ FAIL — Rework... Issues: VERDICT: FAIL
ISSUES: Die Work Breakdown Structure (WBS) enthält nur 8 deutlich erkennbare Tasks (D1, D2a‑D2e, D3a, D3b). Damit wird die Anforderung von mindestens 15 konkreten Tasks nicht erfüllt.
SU
[19:35:06] [INFO] Saved: docs/spec.md (11562 chars)
[19:35:06] [WARN]   ⚠️ Max rework erreicht — beste Version gespeichert
[19:35:06] [INFO] 
⚙️ M2: Core Game Engine
[19:35:06] [INFO] ▶ [M2-engine] dev → src/tetris-engine.js
[19:35:06] [INFO]   Attempt 1/3...
[19:36:31] [INFO]   QA: FAIL (5677ms)
[19:36:31] [WARN]   ⚠️ FAIL — Rework... Issues: VERDICT: FAIL
ISSUES: 
- The artifact provided ("No response from OpenClaw.") contains no Tetris implementation whatsoever.
- No Tetromino definitions, rotation logic, collision detection, line cleari
[19:36:31] [INFO]   Attempt 2/3...
[19:39:23] [INFO]   QA: FAIL (7876ms)
[19:39:23] [WARN]   ⚠️ FAIL — Rework... Issues: VERDICT:
FAIL
ISSUES: 
- The artifact provided ("No response from OpenClaw.") contains no Tetris implementation whatsoever.
- No Tetromino definitions, rotation logic, collision detection, line cleari
[19:39:23] [INFO]   Attempt 3/3...
[19:41:05] [INFO]   QA: FAIL (6677ms)
[19:41:05] [WARN]   ⚠️ FAIL — Rework... Issues: VERDI
CT: FAIL
ISSUES: 
- The artifact provided ("No response from OpenClaw.") contains no Tetris implementation whatsoever.
- No Tetromino definitions, rotation logic, collision detection, line clear
[19:41:05] [INFO] Saved: src/tetris-engine.js (26 chars)
[19:41:05] [WARN]   ⚠️ Max rework erreicht — beste Version gespeichert
[19:41:05] [INFO] 
🎨 M3: UI + Renderer
[19:41:05] [INFO] ▶ [M3-ui] dev → src/index.html
[19:41:05] [INFO]   Attempt 1/3...
:41:05] [INFO] Saved: src/tetris-engine.js (26 chars)
[19:41:05] [WARN]   ⚠️ Max rework erreicht — beste Version gespeichert
[19:41:05] [INFO] 
🎨 M3: UI + Renderer
[19:41:05] [INFO] ▶ [M3-ui] dev → src/index.html
[19:41:05] [INFO]   Attempt 1/3...
